<?xml version="1.0" encoding="UTF-8"?>
<coverage generated="1595801807737" clover="3.2.0">
  <project timestamp="1595801807737" name="All files">
    <metrics statements="33" coveredstatements="29" conditionals="0" coveredconditionals="0" methods="9" coveredmethods="5" elements="42" coveredelements="34" complexity="0" loc="33" ncloc="33" packages="2" files="7" classes="7"/>
    <package name="components">
      <metrics statements="19" coveredstatements="15" conditionals="0" coveredconditionals="0" methods="9" coveredmethods="5"/>
      <file name="AppLoader.js" path="/Users/yognegi/react-native-weather-app/Weather_App_POC/src/components/AppLoader.js">
        <metrics statements="3" coveredstatements="3" conditionals="0" coveredconditionals="0" methods="1" coveredmethods="1"/>
        <line num="7" count="1" type="stmt"/>
        <line num="8" count="1" type="stmt"/>
        <line num="15" count="1" type="stmt"/>
      </file>
      <file name="ListItem.js" path="/Users/yognegi/react-native-weather-app/Weather_App_POC/src/components/ListItem.js">
        <metrics statements="3" coveredstatements="2" conditionals="0" coveredconditionals="0" methods="1" coveredmethods="0"/>
        <line num="8" count="1" type="stmt"/>
        <line num="9" count="0" type="stmt"/>
        <line num="24" count="1" type="stmt"/>
      </file>
      <file name="ListItemSeparator.js" path="/Users/yognegi/react-native-weather-app/Weather_App_POC/src/components/ListItemSeparator.js">
        <metrics statements="2" coveredstatements="1" conditionals="0" coveredconditionals="0" methods="1" coveredmethods="0"/>
        <line num="6" count="1" type="stmt"/>
        <line num="7" count="0" type="stmt"/>
      </file>
      <file name="WeatherList.js" path="/Users/yognegi/react-native-weather-app/Weather_App_POC/src/components/WeatherList.js">
        <metrics statements="6" coveredstatements="5" conditionals="0" coveredconditionals="0" methods="4" coveredmethods="3"/>
        <line num="10" count="1" type="stmt"/>
        <line num="11" count="2" type="stmt"/>
        <line num="14" count="1" type="stmt"/>
        <line num="16" count="1" type="stmt"/>
        <line num="20" count="0" type="stmt"/>
        <line num="28" count="1" type="stmt"/>
      </file>
      <file name="WeatherTextInput.js" path="/Users/yognegi/react-native-weather-app/Weather_App_POC/src/components/WeatherTextInput.js">
        <metrics statements="5" coveredstatements="4" conditionals="0" coveredconditionals="0" methods="2" coveredmethods="1"/>
        <line num="8" count="1" type="stmt"/>
        <line num="10" count="2" type="stmt"/>
        <line num="11" count="0" type="stmt"/>
        <line num="14" count="2" type="stmt"/>
        <line num="27" count="1" type="stmt"/>
      </file>
    </package>
    <package name="utils">
      <metrics statements="14" coveredstatements="14" conditionals="0" coveredconditionals="0" methods="0" coveredmethods="0"/>
      <file name="AppColors.js" path="/Users/yognegi/react-native-weather-app/Weather_App_POC/src/utils/AppColors.js">
        <metrics statements="5" coveredstatements="5" conditionals="0" coveredconditionals="0" methods="0" coveredmethods="0"/>
        <line num="6" count="3" type="stmt"/>
        <line num="7" count="3" type="stmt"/>
        <line num="8" count="3" type="stmt"/>
        <line num="9" count="3" type="stmt"/>
        <line num="10" count="3" type="stmt"/>
      </file>
      <file name="AppStrings.js" path="/Users/yognegi/react-native-weather-app/Weather_App_POC/src/utils/AppStrings.js">
        <metrics statements="9" coveredstatements="9" conditionals="0" coveredconditionals="0" methods="0" coveredmethods="0"/>
        <line num="1" count="1" type="stmt"/>
        <line num="2" count="1" type="stmt"/>
        <line num="3" count="1" type="stmt"/>
        <line num="4" count="1" type="stmt"/>
        <line num="5" count="1" type="stmt"/>
        <line num="6" count="1" type="stmt"/>
        <line num="7" count="1" type="stmt"/>
        <line num="8" count="1" type="stmt"/>
        <line num="9" count="1" type="stmt"/>
      </file>
    </package>
  </project>
</coverage>
