{"/Users/yognegi/react-native-weather-app/Weather_App_POC/src/components/AppLoader.js": {"path":"/Users/yognegi/react-native-weather-app/Weather_App_POC/src/components/AppLoader.js","statementMap":{"0":{"start":{"line":7,"column":18},"end":{"line":13,"column":1}},"1":{"start":{"line":8,"column":4},"end":{"line":12,"column":6}},"2":{"start":{"line":15,"column":15},"end":{"line":21,"column":2}}},"fnMap":{"0":{"name":"(anonymous_0)","decl":{"start":{"line":7,"column":18},"end":{"line":7,"column":19}},"loc":{"start":{"line":7,"column":29},"end":{"line":13,"column":1}},"line":7}},"branchMap":{},"s":{"0":1,"1":1,"2":1},"f":{"0":1},"b":{},"_coverageSchema":"1a1c01bbd47fc00a2c39e90264f33305004495a9","hash":"7f2f9cf1e339a459f4d2cb0fb6cdc7cff47ac3b7"}
,"/Users/yognegi/react-native-weather-app/Weather_App_POC/src/components/ListItem.js": {"path":"/Users/yognegi/react-native-weather-app/Weather_App_POC/src/components/ListItem.js","statementMap":{"0":{"start":{"line":8,"column":17},"end":{"line":22,"column":1}},"1":{"start":{"line":9,"column":4},"end":{"line":21,"column":11}},"2":{"start":{"line":24,"column":15},"end":{"line":46,"column":2}}},"fnMap":{"0":{"name":"(anonymous_0)","decl":{"start":{"line":8,"column":17},"end":{"line":8,"column":18}},"loc":{"start":{"line":9,"column":4},"end":{"line":21,"column":11}},"line":9}},"branchMap":{},"s":{"0":1,"1":0,"2":1},"f":{"0":0},"b":{},"_coverageSchema":"1a1c01bbd47fc00a2c39e90264f33305004495a9","hash":"0e0bdfa2a83c5cad01b27cd49ee1d3a933eddfdf"}
,"/Users/yognegi/react-native-weather-app/Weather_App_POC/src/components/ListItemSeparator.js": {"path":"/Users/yognegi/react-native-weather-app/Weather_App_POC/src/components/ListItemSeparator.js","statementMap":{"0":{"start":{"line":6,"column":26},"end":{"line":16,"column":3}},"1":{"start":{"line":7,"column":4},"end":{"line":15,"column":6}}},"fnMap":{"0":{"name":"(anonymous_0)","decl":{"start":{"line":6,"column":26},"end":{"line":6,"column":27}},"loc":{"start":{"line":6,"column":32},"end":{"line":16,"column":3}},"line":6}},"branchMap":{},"s":{"0":1,"1":0},"f":{"0":0},"b":{},"_coverageSchema":"1a1c01bbd47fc00a2c39e90264f33305004495a9","hash":"2a2a894648a4e97e56153a8c6088ee177cf95122"}
,"/Users/yognegi/react-native-weather-app/Weather_App_POC/src/components/WeatherList.js": {"path":"/Users/yognegi/react-native-weather-app/Weather_App_POC/src/components/WeatherList.js","statementMap":{"0":{"start":{"line":10,"column":20},"end":{"line":26,"column":1}},"1":{"start":{"line":11,"column":4},"end":{"line":25,"column":6}},"2":{"start":{"line":14,"column":46},"end":{"line":14,"column":57}},"3":{"start":{"line":16,"column":14},"end":{"line":16,"column":38}},"4":{"start":{"line":20,"column":14},"end":{"line":22,"column":21}},"5":{"start":{"line":28,"column":15},"end":{"line":35,"column":2}}},"fnMap":{"0":{"name":"(anonymous_0)","decl":{"start":{"line":10,"column":20},"end":{"line":10,"column":21}},"loc":{"start":{"line":10,"column":31},"end":{"line":26,"column":1}},"line":10},"1":{"name":"(anonymous_1)","decl":{"start":{"line":14,"column":29},"end":{"line":14,"column":30}},"loc":{"start":{"line":14,"column":46},"end":{"line":14,"column":57}},"line":14},"2":{"name":"(anonymous_2)","decl":{"start":{"line":15,"column":26},"end":{"line":15,"column":27}},"loc":{"start":{"line":16,"column":14},"end":{"line":16,"column":38}},"line":16},"3":{"name":"(anonymous_3)","decl":{"start":{"line":19,"column":35},"end":{"line":19,"column":36}},"loc":{"start":{"line":20,"column":14},"end":{"line":22,"column":21}},"line":20}},"branchMap":{},"s":{"0":1,"1":2,"2":1,"3":1,"4":0,"5":1},"f":{"0":2,"1":1,"2":1,"3":0},"b":{},"_coverageSchema":"1a1c01bbd47fc00a2c39e90264f33305004495a9","hash":"c540e6bd08b3a9a1e609b5fff5ee9d7fae16e67a"}
,"/Users/yognegi/react-native-weather-app/Weather_App_POC/src/components/WeatherTextInput.js": {"path":"/Users/yognegi/react-native-weather-app/Weather_App_POC/src/components/WeatherTextInput.js","statementMap":{"0":{"start":{"line":8,"column":25},"end":{"line":25,"column":1}},"1":{"start":{"line":10,"column":36},"end":{"line":12,"column":5}},"2":{"start":{"line":11,"column":6},"end":{"line":11,"column":32}},"3":{"start":{"line":14,"column":4},"end":{"line":24,"column":6}},"4":{"start":{"line":27,"column":15},"end":{"line":38,"column":2}}},"fnMap":{"0":{"name":"(anonymous_0)","decl":{"start":{"line":8,"column":25},"end":{"line":8,"column":26}},"loc":{"start":{"line":8,"column":36},"end":{"line":25,"column":1}},"line":8},"1":{"name":"(anonymous_1)","decl":{"start":{"line":10,"column":36},"end":{"line":10,"column":37}},"loc":{"start":{"line":10,"column":47},"end":{"line":12,"column":5}},"line":10}},"branchMap":{},"s":{"0":1,"1":2,"2":0,"3":2,"4":1},"f":{"0":2,"1":0},"b":{},"_coverageSchema":"1a1c01bbd47fc00a2c39e90264f33305004495a9","hash":"c87c5dc2f0739f975122e95c12b0a2fb12f33e81"}
,"/Users/yognegi/react-native-weather-app/Weather_App_POC/src/utils/AppColors.js": {"path":"/Users/yognegi/react-native-weather-app/Weather_App_POC/src/utils/AppColors.js","statementMap":{"0":{"start":{"line":6,"column":27},"end":{"line":6,"column":36}},"1":{"start":{"line":7,"column":26},"end":{"line":7,"column":33}},"2":{"start":{"line":8,"column":26},"end":{"line":8,"column":33}},"3":{"start":{"line":9,"column":25},"end":{"line":9,"column":34}},"4":{"start":{"line":10,"column":31},"end":{"line":10,"column":40}}},"fnMap":{},"branchMap":{},"s":{"0":3,"1":3,"2":3,"3":3,"4":3},"f":{},"b":{},"_coverageSchema":"1a1c01bbd47fc00a2c39e90264f33305004495a9","hash":"93632bc60cd7337cb0d764490d6acae922d16119"}
,"/Users/yognegi/react-native-weather-app/Weather_App_POC/src/utils/AppStrings.js": {"path":"/Users/yognegi/react-native-weather-app/Weather_App_POC/src/utils/AppStrings.js","statementMap":{"0":{"start":{"line":1,"column":20},"end":{"line":1,"column":26}},"1":{"start":{"line":2,"column":23},"end":{"line":2,"column":32}},"2":{"start":{"line":3,"column":30},"end":{"line":3,"column":46}},"3":{"start":{"line":4,"column":27},"end":{"line":4,"column":40}},"4":{"start":{"line":5,"column":28},"end":{"line":5,"column":45}},"5":{"start":{"line":6,"column":31},"end":{"line":6,"column":63}},"6":{"start":{"line":7,"column":42},"end":{"line":7,"column":86}},"7":{"start":{"line":8,"column":32},"end":{"line":8,"column":50}},"8":{"start":{"line":9,"column":32},"end":{"line":9,"column":50}}},"fnMap":{},"branchMap":{},"s":{"0":1,"1":1,"2":1,"3":1,"4":1,"5":1,"6":1,"7":1,"8":1},"f":{},"b":{},"_coverageSchema":"1a1c01bbd47fc00a2c39e90264f33305004495a9","hash":"f26d10d263251058b359740b87e45089301777dd"}
}
